C51 COMPILER V8.02   IRLCD                                                                 05/22/2011 23:14:10 PAGE 1   


C51 COMPILER V8.02, COMPILATION OF MODULE IRLCD
OBJECT MODULE PLACED IN IRLCD.OBJ
COMPILER INVOKED BY: C:\Keil\C51\BIN\C51.EXE IRLCD.C BROWSE DEBUG OBJECTEXTEND

line level    source

   1          
   2          /********************************************************************************
   3          *  描述:                                                                       *
   4          *          lcd1602显示 遥控键值读取器                                          *
   5          *         lcd1602显示 遥控器接p3.2                                             *
   6          *          喇叭接p1.5  继电器接p1.4                                            *
   7          *         17(40h)键按下，继电器吸合。19(04h)键按下，继电器关闭。               *
   8          *       连接方法：使用红外功能时 J1跳线短接                                                               
             -           *
   9          ********************************************************************************/
  10          
  11          #include <reg51.h>
  12          #include <intrins.h>
  13          
  14          #define uchar unsigned char
  15          #define uint  unsigned int
  16          #define delayNOP(); {_nop_();_nop_();_nop_();_nop_();};
  17          
  18          void delay(uchar x);  //x*0.14MS
  19          void delay1(int ms);
  20          void beep();
  21          
  22          sbit IRIN = P3^3;         //红外接收器数据线
  23          sbit BEEP = P1^5;         //蜂鸣器驱动线
  24          sbit RELAY= P1^4;         //继电器驱动线
  25          
  26          uchar IRCOM[7];
  27          
  28          sbit LCD_RS = P2^3;             
  29          sbit LCD_RW = P2^4;
  30          sbit LCD_EN = P2^5;
  31          
  32          uchar code  cdis1[ ] = {" Red Control "};
  33          uchar code  cdis2[ ] = {"  IR-CODE: --H  "};
  34          
  35          /*******************************************************************/
  36          /*                                                                 */
  37          /*检查LCD忙状态                                                    */
  38          /*lcd_busy为1时，忙，等待。lcd-busy为0时,闲，可写指令与数据。      */
  39          /*                                                                 */
  40          /*******************************************************************/ 
  41          
  42          bit lcd_busy()
  43           {                          
  44   1          bit result;
  45   1          LCD_RS = 0;
  46   1          LCD_RW = 1;
  47   1          LCD_EN = 1;
  48   1          delayNOP();
  49   1          result = (bit)(P0&0x01);
  50   1          LCD_EN = 0;
  51   1          return(result); 
  52   1       }
  53          
  54          /*******************************************************************/
C51 COMPILER V8.02   IRLCD                                                                 05/22/2011 23:14:10 PAGE 2   

  55          /*                                                                 */
  56          /*写指令数据到LCD                                                  */
  57          /*RS=L，RW=L，E=高脉冲，D0-D7=指令码。                             */
  58          /*                                                                 */
  59          /*******************************************************************/
  60          
  61          void lcd_wcmd(uchar cmd)
  62          
  63          {                          
  64   1         while(lcd_busy());
  65   1          LCD_RS = 0;
  66   1          LCD_RW = 0;
  67   1          LCD_EN = 0;
  68   1          _nop_();
  69   1          _nop_(); 
  70   1          cmd = ((cmd&0x01)<<7)|((cmd&0x02)<<5)|((cmd&0x04)<<3)|((cmd&0x08)<<1)|((cmd&0x10)>>1)|((cmd&0x20)>>3)|
             -((cmd&0x40)>>5)|((cmd&0x80)>>7);
  71   1          P0 = cmd;
  72   1          delayNOP();
  73   1          LCD_EN = 1;
  74   1          delayNOP();
  75   1          LCD_EN = 0;  
  76   1      }
  77          
  78          /*******************************************************************/
  79          /*                                                                 */
  80          /*写显示数据到LCD                                                  */
  81          /*RS=H，RW=L，E=高脉冲，D0-D7=数据。                               */
  82          /*                                                                 */
  83          /*******************************************************************/
  84          
  85          void lcd_wdat(uchar dat)
  86          {                          
  87   1         while(lcd_busy());
  88   1          LCD_RS = 1;
  89   1          LCD_RW = 0;
  90   1          LCD_EN = 0;
  91   1              dat = ((dat&0x01)<<7)|((dat&0x02)<<5)|((dat&0x04)<<3)|((dat&0x08)<<1)|((dat&0x10)>>1)|((dat&0x20)>>3)|((d
             -at&0x40)>>5)|((dat&0x80)>>7);
  92   1          P0 = dat;
  93   1          delayNOP();
  94   1          LCD_EN = 1;
  95   1          delayNOP();
  96   1          LCD_EN = 0; 
  97   1      }
  98          
  99          /*******************************************************************/
 100          /*                                                                 */
 101          /*  LCD初始化设定                                                  */
 102          /*                                                                 */
 103          /*******************************************************************/
 104          
 105          void lcd_init()
 106          { 
 107   1          delay1(15);                   
 108   1          lcd_wcmd(0x38);      //16*2显示，5*7点阵，8位数据
 109   1          delay1(5);
 110   1          lcd_wcmd(0x38);         
 111   1          delay1(5);
 112   1          lcd_wcmd(0x38);         
 113   1          delay1(5);
 114   1      
C51 COMPILER V8.02   IRLCD                                                                 05/22/2011 23:14:10 PAGE 3   

 115   1          lcd_wcmd(0x0c);      //显示开，关光标
 116   1          delay1(5);
 117   1          lcd_wcmd(0x06);      //移动光标
 118   1          delay1(5);
 119   1          lcd_wcmd(0x01);      //清除LCD的显示内容
 120   1          delay1(5);
 121   1      }
 122          
 123          /*******************************************************************/
 124          /*                                                                 */
 125          /*  设定显示位置                                                   */
 126          /*                                                                 */
 127          /*******************************************************************/
 128          
 129          void lcd_pos(uchar pos)
 130          {                          
 131   1        lcd_wcmd(pos | 0x80);  //数据指针=80+地址变量
 132   1      }
 133          
 134          /*******************************************************************/
 135          main()
 136          {
 137   1         uchar m;
 138   1          
 139   1          IRIN=1;                    //I/O口初始化
 140   1          BEEP=1;
 141   1          RELAY=1; 
 142   1              
 143   1          delay1(10);                 //延时
 144   1          lcd_init();                //初始化LCD             
 145   1              
 146   1          lcd_pos(0);                //设置显示位置为第一行的第1个字符
 147   1      
 148   1           m = 0;
 149   1          while(cdis1[m] != '\0')
 150   1           {                         //显示字符
 151   2             lcd_wdat(cdis1[m]);
 152   2             m++;
 153   2           }
 154   1      
 155   1          lcd_pos(0x40);             //设置显示位置为第二行第1个字符
 156   1           m = 0;
 157   1          while(cdis2[m] != '\0')
 158   1           {
 159   2             lcd_wdat(cdis2[m]);      //显示字符
 160   2             m++;
 161   2           }
 162   1      
 163   1      
 164   1      //      IE = 0x81;                 //允许总中断中断,使能 INT0 外部中断
 165   1      //      TCON = 0x01;               //触发方式为脉冲负边沿触发
 166   1      IT1=1;
 167   1      EX1=1;
 168   1      EA=1;
 169   1      
 170   1         while(1)     ;
 171   1      
 172   1      } //end main
 173          /**********************************************************/
 174          void IR_IN() interrupt 2 using 0
 175          {
 176   1        unsigned char j,k,N=0;
C51 COMPILER V8.02   IRLCD                                                                 05/22/2011 23:14:10 PAGE 4   

 177   1           EX1 = 0;   
 178   1               delay(15);
 179   1               if (IRIN==1) 
 180   1           { EX1 =1;
 181   2                 return;
 182   2                } 
 183   1                                 //确认IR信号出现
 184   1        while (!IRIN)            //等IR变为高电平，跳过9ms的前导低电平信号。
 185   1          {delay(1);}
 186   1      
 187   1       for (j=0;j<4;j++)         //收集四组数据
 188   1       { 
 189   2        for (k=0;k<8;k++)        //每组数据有8位
 190   2        {
 191   3         while (IRIN)            //等 IR 变为低电平，跳过4.5ms的前导高电平信号。
 192   3           {delay(1);}
 193   3          while (!IRIN)          //等 IR 变为高电平
 194   3           {delay(1);}
 195   3           while (IRIN)           //计算IR高电平时长
 196   3            {
 197   4          delay(1);
 198   4          N++;           
 199   4          if (N>=30)
 200   4               { EX1=1;
 201   5               return;}                  //0.14ms计数过长自动离开。
 202   4            }                        //高电平计数完毕                
 203   3           IRCOM[j]=IRCOM[j] >> 1;                  //数据最高位补“0”
 204   3           if (N>=8) {IRCOM[j] = IRCOM[j] | 0x80;}  //数据最高位补“1”
 205   3           N=0;
 206   3        }//end for k
 207   2       }//end for j
 208   1         
 209   1         if (IRCOM[2]!=~IRCOM[3])
 210   1         { EX1=1;
 211   2           return; }
 212   1      
 213   1         IRCOM[5]=IRCOM[2] & 0x0F;     //取键码的低四位
 214   1         IRCOM[6]=IRCOM[2] >> 4;       //右移4次，高四位变为低四位
 215   1      
 216   1         if(IRCOM[5]>9)
 217   1          { IRCOM[5]=IRCOM[5]+0x37;}
 218   1         else
 219   1                IRCOM[5]=IRCOM[5]+0x30;
 220   1      
 221   1         if(IRCOM[6]>9)
 222   1          { IRCOM[6]=IRCOM[6]+0x37;}
 223   1         else
 224   1                IRCOM[6]=IRCOM[6]+0x30;
 225   1      
 226   1           lcd_pos(0x4b);             
 227   1           lcd_wdat(IRCOM[6]);        //第一位数显示 
 228   1           lcd_pos(0x4c);             
 229   1           lcd_wdat(IRCOM[5]);        //第二位数显示
 230   1      
 231   1           beep();
 232   1           EX1 = 1; 
 233   1      } 
 234          
 235          /**********************************************************/
 236          void beep()
 237          {
 238   1        unsigned char i;
C51 COMPILER V8.02   IRLCD                                                                 05/22/2011 23:14:10 PAGE 5   

 239   1        for (i=0;i<100;i++)
 240   1         {
 241   2         delay(4);
 242   2         BEEP=!BEEP;                 //BEEP取反
 243   2         } 
 244   1        BEEP=1;                      //关闭蜂鸣器
 245   1      }
 246          /**********************************************************/
 247          void delay(unsigned char x)    //x*0.14MS
 248          {
 249   1       unsigned char i;
 250   1        while(x--)
 251   1       {
 252   2        for (i = 0; i<13; i++) {}
 253   2       }
 254   1      }
 255          
 256          /**********************************************************/
 257          void delay1(int ms)
 258          {
 259   1       unsigned char y;
 260   1        while(ms--)
 261   1       {
 262   2        for(y = 0; y<250; y++)
 263   2        {
 264   3         _nop_();
 265   3         _nop_();
 266   3         _nop_();
 267   3         _nop_();
 268   3        }
 269   2       }
 270   1      }
 271          


MODULE INFORMATION:   STATIC OVERLAYABLE
   CODE SIZE        =    654    ----
   CONSTANT SIZE    =     31    ----
   XDATA SIZE       =   ----    ----
   PDATA SIZE       =   ----    ----
   DATA SIZE        =      7       4
   IDATA SIZE       =   ----    ----
   BIT SIZE         =   ----       1
END OF MODULE INFORMATION.


C51 COMPILATION COMPLETE.  0 WARNING(S),  0 ERROR(S)
