C51 COMPILER V6.12  2LED                                                                   10/11/2010 20:44:57 PAGE 1   


C51 COMPILER V6.12, COMPILATION OF MODULE 2LED
OBJECT MODULE PLACED IN .\2led.OBJ
COMPILER INVOKED BY: D:\Keil\C51\BIN\C51.EXE .\2led.c DEBUG OBJECTEXTEND

stmt level    source

   1          /*此程序可以实现，流水灯第1和2亮，稍作延时后流水灯第3和4亮；然后流水灯第5和6亮；
   2            然后流水灯第7和8亮，这样一直循环亮灭*/
   3          #include <reg52.h>
   4          #define uchar unsigned char 
   5          #define uint unsigned int
   6          sbit P1_0 = P1^0;
   7          sbit P1_1 = P1^1;
   8          sbit P1_2 = P1^2;
   9          sbit P1_3 = P1^3;
  10          sbit P1_4 = P1^4;
  11          sbit P1_5 = P1^5;
  12          sbit P1_6 = P1^6;
  13          sbit P1_7 = P1^7;
  14          
  15          uchar code table[]={0xfc,0xf9,0xf3,0xe7,0xcf,0x9f,0x3f};                      
  16          
  17          void delay(uint i)
  18          {
  19   1        uint j,k; 
  20   1        for(j=i;j>0;j--)
  21   1          for(k=125;k>0;k--);
  22   1      }
  23          
  24          void display()
  25          {
  26   1         uchar i;
  27   1         for(i=0;i<7;i++)
  28   1         {
  29   2            P1=table[i];
  30   2            delay(1000);
  31   2         }
  32   1        
  33   1      }
  34          
  35          /*演示主程序*/
  36          void main(void)
  37          {
  38   1          unsigned int  a;
  39   1         
  40   1       while(1)
  41   1       {
  42   2       
  43   2         for(a=100;a>0;a--)
  44   2         {
  45   3           display();
  46   3         }
  47   2       
  48   2       }
  49   1      }


MODULE INFORMATION:   STATIC OVERLAYABLE
   CODE SIZE        =     81    ----
   CONSTANT SIZE    =      7    ----
   XDATA SIZE       =   ----    ----
C51 COMPILER V6.12  2LED                                                                   10/11/2010 20:44:57 PAGE 2   

   PDATA SIZE       =   ----    ----
   DATA SIZE        =   ----       2
   IDATA SIZE       =   ----    ----
   BIT SIZE         =   ----    ----
END OF MODULE INFORMATION.


C51 COMPILATION COMPLETE.  0 WARNING(S),  0 ERROR(S)
