C51 COMPILER V8.02   __人                                                                11/12/2006 08:52:14 PAGE 1   


C51 COMPILER V8.02, COMPILATION OF MODULE __人
OBJECT MODULE PLACED IN 机器人.OBJ
COMPILER INVOKED BY: C:\Keil\C51\BIN\C51.EXE 机器人.c DEBUG OBJECTEXTEND

line level    source

   1          #include <AT89X51.H>
   2          #include <STDIO.H>
   3          #include <math.h>
   4          void  main(void)
   5          {float x,y,z;
   6   1       SCON=0x50;
   7   1       TMOD=0x20;
   8   1       TH1=0xE8;
   9   1       TL1=0xE8;
  10   1       TI=1;
  11   1       TR1=1;
  12   1      
  13   1       while(1)
  14   1          {  printf("你好！我是单片机STC89C516RC+！我会作计算题！\n");
  15   2                 printf("请你输入两个X和Y\n");
  16   2                 scanf("%f,%f",&x,&y);
  17   2                 z=x*y;
  18   2                 printf("\n");
  19   2                 printf("z=%f\n",z);  
  20   2      
  21   2          }
  22   1      }
  23          
  24          
  25          


MODULE INFORMATION:   STATIC OVERLAYABLE
   CODE SIZE        =    120    ----
   CONSTANT SIZE    =     78    ----
   XDATA SIZE       =   ----    ----
   PDATA SIZE       =   ----    ----
   DATA SIZE        =   ----      12
   IDATA SIZE       =   ----    ----
   BIT SIZE         =   ----    ----
END OF MODULE INFORMATION.


C51 COMPILATION COMPLETE.  0 WARNING(S),  0 ERROR(S)
