C51 COMPILER V8.02   18B20                                                                 05/29/2011 14:45:02 PAGE 1   


C51 COMPILER V8.02, COMPILATION OF MODULE 18B20
OBJECT MODULE PLACED IN 18B20.OBJ
COMPILER INVOKED BY: C:\Keil\C51\BIN\C51.EXE 18B20.C BROWSE DEBUG OBJECTEXTEND

line level    source

   1          /*********************************************************************************/
   2          /*                                                                               */
   3          /*模块名：基于DS18B20的数字温度计                                                */                       
             -        
   4          /*                                                                               */
   5          /*创建人：廖文丹                                                                                                                                 */
   6          /*邮箱：fhwxaoo@163.com                                       MCU ： 8051        */
   7          /*                                                                               */
   8          /*功能描述：本模块采用DALLS公司的单线数字温度传感器DS18B20，抗干扰能力强，       */
   9          /*          便于远距离测量，因而得到了广泛应用。                                 */
  10          /*                                                                               */
  11          /*版本号：VETA                                             日期：06/06/15        */
  12          /*                                                                               */
  13          /*                                                                               */
  14          /*                                                       晶体：  11.0592 M       */
  15          /*                                                                               */
  16          /*********************************************************************************/
  17          #include <at89x51.h>
  18          
  19          sbit DQ = P3 ^ 7;  //定义端口DQ
  20          unsigned char tx[10]={0,0,0x2E,0,0,0,0,0xDF,0x43,0x0A};
  21          
  22          /******************************************************************************/
  23          void Delay(int num)//延时函数
  24          {
  25   1              while(num--) ;
  26   1      }
  27          /******************************************************************************/
  28          void Delaynms(unsigned int di) //延时
  29          {
  30   1              unsigned int da,db;
  31   1              for(da=0;da<di;da++)
  32   1                      for(db=0;db<100;db++);
  33   1      }
  34          
  35          /******************************************************************************/
  36          
  37          void TX(unsigned char TX_char)
  38          {
  39   1        SBUF=TX_char;
  40   1        while(!TI);
  41   1        TI=0;
  42   1      
  43   1      }
  44          /******************************************************************************/        
  45          void Init_DS18B20(void)//初始化ds1820
  46          {
  47   1              unsigned char x=0;
  48   1              DQ = 1;    //DQ复位
  49   1              Delay(8);  //稍做延时
  50   1              DQ = 0;    //单片机将DQ拉低
  51   1              Delay(80); //精确延时 大于 480us
  52   1              DQ = 1;    //拉高总线
  53   1              Delay(14);
  54   1              x=DQ;      //稍做延时后 如果x=0则初始化成功 x=1则初始化失败
C51 COMPILER V8.02   18B20                                                                 05/29/2011 14:45:02 PAGE 2   

  55   1              Delay(20);
  56   1      }
  57          /******************************************************************************/
  58          unsigned char ReadOneChar(void)//读一个字节
  59          {
  60   1              unsigned char i=0;
  61   1              unsigned char dat = 0;
  62   1              for (i=8;i>0;i--)
  63   1              {
  64   2                      DQ = 0; // 给脉冲信号
  65   2                      dat>>=1;
  66   2                      DQ = 1; // 给脉冲信号
  67   2                      if(DQ)
  68   2                      dat|=0x80;
  69   2                      Delay(4);
  70   2              }
  71   1              return(dat);
  72   1      }
  73          
  74          /******************************************************************************/
  75          void WriteOneChar(unsigned char dat)//写一个字节
  76          {
  77   1              unsigned char i=0;
  78   1              for (i=8; i>0; i--)
  79   1              {
  80   2                      DQ = 0;
  81   2                      DQ = dat&0x01;
  82   2                      Delay(5);
  83   2                      DQ = 1;
  84   2                      dat>>=1;
  85   2              }
  86   1      }
  87          
  88          /******************************************************************************/
  89          void ReadTemperature(void)//读取温度
  90          {
  91   1              unsigned char a=0;
  92   1              unsigned char b=0;
  93   1              unsigned char Data_L=0;
  94   1              unsigned char num=0;
  95   1              Init_DS18B20();
  96   1              WriteOneChar(0xCC); // 跳过读序号列号的操作
  97   1              WriteOneChar(0x44); // 启动温度转换
  98   1              Init_DS18B20();
  99   1              WriteOneChar(0xCC); //跳过读序号列号的操作
 100   1              WriteOneChar(0xBE); //读取温度寄存器
 101   1              Delay(5000);
 102   1              a=ReadOneChar();  //读低8位
 103   1              b=ReadOneChar(); //读高8位
 104   1      
 105   1          tx[0] = (a/16+b*16)/10;      //整数部分
 106   1              tx[1] = (a/16+b*16)%10; 
 107   1      
 108   1          Data_L=a&0X0F;
 109   1           for(num=3;num<7;num++)              //小数部分
 110   1         {
 111   2            Data_L=Data_L*10;                          //10      //100                //40             //80
 112   2           tx[num]=Data_L/16;                  //0      //6                   //2                      //5
 113   2            Data_L=Data_L%16;                          //10      //4                  //8
 114   2              }
 115   1      
 116   1      }
C51 COMPILER V8.02   18B20                                                                 05/29/2011 14:45:02 PAGE 3   

 117          /******************************************************************************/
 118          void Int_232(void)      //232初始化
 119          {
 120   1        TMOD=0x20;
 121   1        SCON=0x50;
 122   1        TH1=0xFD;
 123   1        TL1=0xFD;
 124   1        TR1=1;
 125   1        TI=0;
 126   1      }
 127          /******************************************************************************/
 128          
 129          void main(void)
 130          {       
 131   1       
 132   1        Int_232();
 133   1      
 134   1      
 135   1      while(1)
 136   1      {  
 137   2          
 138   2              ReadTemperature();       //读取温度
 139   2              TX(tx[0]+0x30);
 140   2              TX(tx[1]+0x30);
 141   2              TX(tx[2]);                      //点
 142   2              TX(tx[3]+0x30);
 143   2              TX(tx[4]+0x30);
 144   2              TX(tx[5]+0x30);
 145   2              TX(tx[6]+0x30);
 146   2              TX(tx[7]);
 147   2              TX(tx[8]);
 148   2              TX(tx[9]);
 149   2              Delaynms(2000);
 150   2      }       
 151   1      
 152   1      
 153   1      
 154   1      }


MODULE INFORMATION:   STATIC OVERLAYABLE
   CODE SIZE        =    341    ----
   CONSTANT SIZE    =   ----    ----
   XDATA SIZE       =   ----    ----
   PDATA SIZE       =   ----    ----
   DATA SIZE        =     10    ----
   IDATA SIZE       =   ----    ----
   BIT SIZE         =   ----    ----
END OF MODULE INFORMATION.


C51 COMPILATION COMPLETE.  0 WARNING(S),  0 ERROR(S)
