C51 COMPILER V8.02   AD9833                                                                06/13/2007 17:28:20 PAGE 1   


C51 COMPILER V8.02, COMPILATION OF MODULE AD9833
OBJECT MODULE PLACED IN ad9833.OBJ
COMPILER INVOKED BY: C:\Keil\C51\BIN\C51.EXE ad9833.c BROWSE DEBUG OBJECTEXTEND

line level    source

   1          
   2          
   3                  #define tByte unsigned char
   4                  #define tWord unsigned int
   5                          #define tLong unsigned long
   6                          #include <reg51.h>
   7                          sbit  FSYNC=P0^2;
   8                          sbit  SCLK =P0^1;
   9                          sbit  SDATA=P0^0;
  10                          tWord Config_Data[8];
  11                          void  Wave_Generate(tLong,tByte);
  12          
  13                          void main(void)
  14                          {
  15   1      
  16   1                      FSYNC=1;
  17   1                      SCLK=0;
  18   1                      Wave_Generate(5,2);
  19   1                      while(1) ;
  20   1      
  21   1                      }
  22          
  23                          //向ad9833写一命令字(2Bytes)
  24          
  25                          void AD9833_Send_Word(tWord Data_In)
  26          
  27          {
  28   1      
  29   1                      tByte i;
  30   1                      SCLK=1;
  31   1                      FSYNC=0;
  32   1                      for(i=0;i<16;i++)
  33   1      
  34   1                      {
  35   2      
  36   2              SCLK=1;
  37   2              SDATA=(bit)((Data_In & 0x8000)>>15);
  38   2              SCLK=0;
  39   2              Data_In=Data_In<<1;
  40   2      
  41   2                      }
  42   1                      FSYNC=1;
  43   1                      SCLK=0;
  44   1      }
  45          
  46          
  47          
  48          
  49          
  50          //波形发生函数
  51          
  52          //入口参数: 频率:Freq (<=12000000)
  53          
  54          //          形状:0(正弦波),1(三角波),2(方波)
  55          
C51 COMPILER V8.02   AD9833                                                                06/13/2007 17:28:20 PAGE 2   

  56          //默认: Fmclk=25MHz, 0相移，方波不分频.
  57          
  58                          void  Wave_Generate(tLong Freq,tByte Shape)
  59          {
  60   1      
  61   1                      tLong temp;
  62   1                      tByte k;
  63   1                      if(Freq>12000000) Freq=12000000;
  64   1                      switch(Shape)
  65   1                      {
  66   2           case 0: Config_Data[0]=0x2108;
  67   2                   Config_Data[7]=0x2008;
  68   2                   break;
  69   2           case 1: Config_Data[0]=0x210A;
  70   2                   Config_Data[7]=0x200A;
  71   2                   break;
  72   2           case 2: Config_Data[0]=0x2128;
  73   2                   Config_Data[7]=0x2028;
  74   2                   break;
  75   2           default:Config_Data[0]=0x2108;
  76   2                   Config_Data[7]=0x2008;
  77   2      
  78   2                      }
  79   1      
  80   1      
  81   1      
  82   1                      temp=Freq*10.73;   //temp=Freq*(0x10000000/20000000);
  83   1                      Config_Data[1]=temp&0x00003fff;
  84   1                      Config_Data[3]=Config_Data[1];
  85   1                      Config_Data[2]=(temp&0x0fffc000)>>14;
  86   1                      Config_Data[4]=Config_Data[2];
  87   1                      Config_Data[1]=Config_Data[1]|0x4000;
  88   1                      Config_Data[2]=Config_Data[2]|0x4000;
  89   1                      Config_Data[3]=Config_Data[3]|0x8000;
  90   1                      Config_Data[4]=Config_Data[4]|0x8000;
  91   1                      Config_Data[5]=0xC000;
  92   1                      Config_Data[6]=0xE000;
  93   1      
  94   1      
  95   1      
  96   1                      for(k=0;k<8;k++)
  97   1      
  98   1                      {
  99   2              AD9833_Send_Word(Config_Data[k]);
 100   2                      }
 101   1      
 102   1      
 103   1      
 104   1      }
 105          
 106          
 107          
 108          
 109          
 110          
 111          
 112          
 113          


MODULE INFORMATION:   STATIC OVERLAYABLE
   CODE SIZE        =    278    ----
C51 COMPILER V8.02   AD9833                                                                06/13/2007 17:28:20 PAGE 3   

   CONSTANT SIZE    =   ----    ----
   XDATA SIZE       =   ----    ----
   PDATA SIZE       =   ----    ----
   DATA SIZE        =     16       9
   IDATA SIZE       =   ----    ----
   BIT SIZE         =   ----    ----
END OF MODULE INFORMATION.


C51 COMPILATION COMPLETE.  0 WARNING(S),  0 ERROR(S)
